#
# There is insufficient memory for the Java Runtime Environment to continue.
# Native memory allocation (malloc) failed to allocate 1062336 bytes for Chunk::new
# Possible reasons:
#   The system is out of physical RAM or swap space
#   In 32 bit mode, the process size limit was hit
# Possible solutions:
#   Reduce memory load on the system
#   Increase physical memory or swap space
#   Check if swap backing store is full
#   Use 64 bit Java on a 64 bit OS
#   Decrease Java heap size (-Xmx/-Xms)
#   Decrease number of Java threads
#   Decrease Java thread stack sizes (-Xss)
#   Set larger code cache with -XX:ReservedCodeCacheSize=
# This output file may be truncated or incomplete.
#
#  Out of Memory Error (allocation.cpp:390), pid=12456, tid=0x0000000000000e20
#
# JRE version: Java(TM) SE Runtime Environment (8.0_111-b14) (build 1.8.0_111-b14)
# Java VM: Java HotSpot(TM) 64-Bit Server VM (25.111-b14 mixed mode windows-amd64 compressed oops)
# Failed to write core dump. Minidumps are not enabled by default on client versions of Windows
#

---------------  T H R E A D  ---------------

Current thread (0x0000000017541000):  JavaThread "C2 CompilerThread0" daemon [_thread_in_native, id=3616, stack(0x0000000018b80000,0x0000000018c80000)]

Stack: [0x0000000018b80000,0x0000000018c80000]
[error occurred during error reporting (printing stack bounds), id 0xc0000005]

Native frames: (J=compiled Java code, j=interpreted, Vv=VM code, C=native code)


Current CompileTask:
C2:  99536 18822       4       com.android.dx.ssa.DeadCodeRemover::run (194 bytes)


---------------  P R O C E S S  ---------------

Java Threads: ( => current thread )
  0x000000001a7b7000 JavaThread "pool-92-thread-4" [_thread_in_Java, id=17632, stack(0x0000000036fd0000,0x00000000370d0000)]
  0x000000001a7b9800 JavaThread "pool-92-thread-3" [_thread_in_Java, id=6496, stack(0x0000000036ed0000,0x0000000036fd0000)]
  0x000000001a7ac000 JavaThread "pool-92-thread-2" [_thread_in_Java, id=7836, stack(0x0000000036dd0000,0x0000000036ed0000)]
  0x000000001a7b1000 JavaThread "pool-93-thread-1" [_thread_blocked, id=7156, stack(0x0000000036cd0000,0x0000000036dd0000)]
  0x000000001a7b2800 JavaThread "pool-92-thread-1" [_thread_in_Java, id=5584, stack(0x0000000036bd0000,0x0000000036cd0000)]
  0x000000001a7b3800 JavaThread "pool-90-thread-4" [_thread_blocked, id=19568, stack(0x0000000036ad0000,0x0000000036bd0000)]
  0x000000001a7ba800 JavaThread "pool-90-thread-3" [_thread_in_Java, id=13856, stack(0x00000000369d0000,0x0000000036ad0000)]
  0x000000001a7b5000 JavaThread "pool-90-thread-2" [_thread_blocked, id=5168, stack(0x00000000368d0000,0x00000000369d0000)]
  0x000000001a7ac800 JavaThread "pool-91-thread-1" [_thread_blocked, id=14208, stack(0x00000000367d0000,0x00000000368d0000)]
  0x000000001a7af800 JavaThread "pool-90-thread-1" [_thread_blocked, id=6324, stack(0x00000000366d0000,0x00000000367d0000)]
  0x000000001a7b0800 JavaThread "pool-52-thread-4" [_thread_in_Java, id=9644, stack(0x0000000030bd0000,0x0000000030cd0000)]
  0x000000001e450000 JavaThread "pool-52-thread-3" [_thread_in_Java, id=10608, stack(0x0000000030ad0000,0x0000000030bd0000)]
  0x000000001e448800 JavaThread "pool-53-thread-1" [_thread_blocked, id=8944, stack(0x00000000308d0000,0x00000000309d0000)]
  0x000000001e44a800 JavaThread "pool-15-thread-4" [_thread_blocked, id=17704, stack(0x000000002afd0000,0x000000002b0d0000)]
  0x000000001e44a000 JavaThread "pool-15-thread-3" [_thread_in_Java, id=20596, stack(0x000000002aed0000,0x000000002afd0000)]
  0x000000001e449000 JavaThread "pool-15-thread-2" [_thread_in_Java, id=17072, stack(0x000000002add0000,0x000000002aed0000)]
  0x000000001e44c000 JavaThread "pool-15-thread-1" [_thread_blocked, id=824, stack(0x000000002acd0000,0x000000002add0000)]
  0x000000001e443800 JavaThread "stdout" daemon [_thread_in_native, id=7052, stack(0x000000002a4d0000,0x000000002a5d0000)]
  0x000000001e444800 JavaThread "stderr" daemon [_thread_in_native, id=24488, stack(0x000000002a3d0000,0x000000002a4d0000)]
  0x000000001e440800 JavaThread "stdout" daemon [_thread_in_native, id=18248, stack(0x000000002a2d0000,0x000000002a3d0000)]
  0x000000001e443000 JavaThread "stderr" daemon [_thread_in_native, id=13828, stack(0x000000002a1d0000,0x000000002a2d0000)]
  0x000000001e442000 JavaThread "stdout" daemon [_thread_in_native, id=2476, stack(0x000000002a0d0000,0x000000002a1d0000)]
  0x000000001e441800 JavaThread "stderr" daemon [_thread_in_native, id=4516, stack(0x0000000029fd0000,0x000000002a0d0000)]
  0x000000001e0ef800 JavaThread "stdout" daemon [_thread_in_native, id=20696, stack(0x0000000029ed0000,0x0000000029fd0000)]
  0x000000001e0eb000 JavaThread "stderr" daemon [_thread_in_native, id=6212, stack(0x0000000029dd0000,0x0000000029ed0000)]
  0x000000001e0ea800 JavaThread "stdout" daemon [_thread_in_native, id=9592, stack(0x0000000029cd0000,0x0000000029dd0000)]
  0x000000001e0e9800 JavaThread "stderr" daemon [_thread_in_native, id=23700, stack(0x0000000029bd0000,0x0000000029cd0000)]
  0x000000001e0ec000 JavaThread "stdout" daemon [_thread_in_native, id=3448, stack(0x0000000029ad0000,0x0000000029bd0000)]
  0x000000001e0ec800 JavaThread "stderr" daemon [_thread_in_native, id=22724, stack(0x00000000299d0000,0x0000000029ad0000)]
  0x000000001e0e9000 JavaThread "stdout" daemon [_thread_in_native, id=744, stack(0x00000000298d0000,0x00000000299d0000)]
  0x000000001e0ef000 JavaThread "stderr" daemon [_thread_in_native, id=3444, stack(0x00000000297d0000,0x00000000298d0000)]
  0x000000001e0ed800 JavaThread "stdout" daemon [_thread_in_native, id=12928, stack(0x00000000296d0000,0x00000000297d0000)]
  0x000000001e0ee000 JavaThread "stderr" daemon [_thread_in_native, id=15660, stack(0x00000000295d0000,0x00000000296d0000)]
  0x000000001aead000 JavaThread "stdout" daemon [_thread_in_native, id=24084, stack(0x00000000294d0000,0x00000000295d0000)]
  0x000000001aeac800 JavaThread "stderr" daemon [_thread_in_native, id=9920, stack(0x00000000293d0000,0x00000000294d0000)]
  0x000000001aeab800 JavaThread "stdout" daemon [_thread_in_native, id=23548, stack(0x00000000292d0000,0x00000000293d0000)]
  0x000000001aea4000 JavaThread "stderr" daemon [_thread_in_native, id=7584, stack(0x00000000291d0000,0x00000000292d0000)]
  0x000000001aeab000 JavaThread "stdout" daemon [_thread_in_native, id=19392, stack(0x00000000290d0000,0x00000000291d0000)]
  0x000000001aea8800 JavaThread "stderr" daemon [_thread_in_native, id=20028, stack(0x0000000028fd0000,0x00000000290d0000)]
  0x000000001aeaa000 JavaThread "stdout" daemon [_thread_in_native, id=10596, stack(0x0000000028ed0000,0x0000000028fd0000)]
  0x000000001aea8000 JavaThread "stderr" daemon [_thread_in_native, id=16336, stack(0x0000000028dd0000,0x0000000028ed0000)]
  0x000000001aea9800 JavaThread "stdout" daemon [_thread_in_native, id=2444, stack(0x0000000028cd0000,0x0000000028dd0000)]
  0x000000001aea7000 JavaThread "stderr" daemon [_thread_in_native, id=2472, stack(0x0000000028bd0000,0x0000000028cd0000)]
  0x000000001aea5000 JavaThread "stdout" daemon [_thread_in_native, id=14088, stack(0x0000000028ad0000,0x0000000028bd0000)]
  0x000000001aea2000 JavaThread "stderr" daemon [_thread_in_native, id=23052, stack(0x00000000289d0000,0x0000000028ad0000)]
  0x000000001aea3800 JavaThread "stdout" daemon [_thread_in_native, id=10628, stack(0x00000000288d0000,0x00000000289d0000)]
  0x000000001ae9f800 JavaThread "stderr" daemon [_thread_in_native, id=16348, stack(0x00000000287d0000,0x00000000288d0000)]
  0x000000001aea2800 JavaThread "png-cruncher_20" daemon [_thread_blocked, id=22484, stack(0x00000000286d0000,0x00000000287d0000)]
  0x000000001aea6800 JavaThread "png-cruncher_19" daemon [_thread_blocked, id=2464, stack(0x00000000285d0000,0x00000000286d0000)]
  0x000000001aea1000 JavaThread "png-cruncher_18" daemon [_thread_blocked, id=15964, stack(0x00000000284d0000,0x00000000285d0000)]
  0x000000001ae9f000 JavaThread "png-cruncher_17" daemon [_thread_blocked, id=1128, stack(0x00000000283d0000,0x00000000284d0000)]
  0x000000001aea5800 JavaThread "png-cruncher_16" daemon [_thread_blocked, id=23120, stack(0x00000000282d0000,0x00000000283d0000)]
  0x000000001aea0800 JavaThread "stdout" daemon [_thread_in_native, id=5040, stack(0x00000000281d0000,0x00000000282d0000)]
  0x000000001ae9e000 JavaThread "stderr" daemon [_thread_in_native, id=24420, stack(0x00000000280d0000,0x00000000281d0000)]
  0x000000001f9b6800 JavaThread "stdout" daemon [_thread_in_native, id=15928, stack(0x0000000027fd0000,0x00000000280d0000)]
  0x000000001f9b6000 JavaThread "stderr" daemon [_thread_in_native, id=23772, stack(0x0000000027ed0000,0x0000000027fd0000)]
  0x000000001f9b5000 JavaThread "png-cruncher_15" daemon [_thread_blocked, id=6716, stack(0x0000000027dd0000,0x0000000027ed0000)]
  0x000000001f9b7800 JavaThread "png-cruncher_14" daemon [_thread_blocked, id=8272, stack(0x0000000027cd0000,0x0000000027dd0000)]
  0x000000001f9ad800 JavaThread "png-cruncher_13" daemon [_thread_blocked, id=16172, stack(0x0000000027bd0000,0x0000000027cd0000)]
  0x000000001f9b2000 JavaThread "png-cruncher_12" daemon [_thread_blocked, id=4264, stack(0x0000000027ad0000,0x0000000027bd0000)]
  0x000000001f9b3000 JavaThread "png-cruncher_11" daemon [_thread_blocked, id=3640, stack(0x00000000279d0000,0x0000000027ad0000)]
  0x000000001f9b1800 JavaThread "stdout" daemon [_thread_in_native, id=21912, stack(0x00000000278d0000,0x00000000279d0000)]
  0x000000001f9b4800 JavaThread "stderr" daemon [_thread_in_native, id=14892, stack(0x00000000277d0000,0x00000000278d0000)]
  0x000000001f9b3800 JavaThread "stdout" daemon [_thread_in_native, id=8800, stack(0x00000000276d0000,0x00000000277d0000)]
  0x000000001f9aa000 JavaThread "stderr" daemon [_thread_in_native, id=10912, stack(0x00000000275d0000,0x00000000276d0000)]
  0x000000001f9ad000 JavaThread "stdout" daemon [_thread_in_native, id=7472, stack(0x00000000274d0000,0x00000000275d0000)]
  0x000000001f9b0000 JavaThread "stderr" daemon [_thread_in_native, id=17604, stack(0x00000000273d0000,0x00000000274d0000)]
  0x000000001f9ab800 JavaThread "png-cruncher_10" daemon [_thread_blocked, id=5920, stack(0x00000000272d0000,0x00000000273d0000)]
  0x000000001f9b0800 JavaThread "png-cruncher_9" daemon [_thread_blocked, id=22272, stack(0x00000000271d0000,0x00000000272d0000)]
  0x000000001f9af000 JavaThread "png-cruncher_8" daemon [_thread_blocked, id=17144, stack(0x00000000270d0000,0x00000000271d0000)]
  0x000000001f9ae800 JavaThread "png-cruncher_7" daemon [_thread_blocked, id=7764, stack(0x0000000026fd0000,0x00000000270d0000)]
  0x000000001f9a9000 JavaThread "png-cruncher_6" daemon [_thread_blocked, id=19560, stack(0x0000000026ed0000,0x0000000026fd0000)]
  0x000000001f9ac000 JavaThread "png-cruncher_5" daemon [_thread_blocked, id=19668, stack(0x0000000026dd0000,0x0000000026ed0000)]
  0x000000001f9aa800 JavaThread "png-cruncher_4" daemon [_thread_blocked, id=17536, stack(0x0000000026cd0000,0x0000000026dd0000)]
  0x000000001f9a8800 JavaThread "png-cruncher_3" daemon [_thread_blocked, id=16432, stack(0x0000000026bd0000,0x0000000026cd0000)]
  0x000000001ace7000 JavaThread "png-cruncher_2" daemon [_thread_blocked, id=7956, stack(0x0000000026ad0000,0x0000000026bd0000)]
  0x000000001ace4800 JavaThread "png-cruncher_1" daemon [_thread_blocked, id=11148, stack(0x0000000025920000,0x0000000025a20000)]
  0x000000001ace7800 JavaThread "pool-3-thread-4" [_thread_blocked, id=16672, stack(0x0000000022e70000,0x0000000022f70000)]
  0x000000001ace4000 JavaThread "pool-3-thread-3" [_thread_blocked, id=6556, stack(0x0000000022d70000,0x0000000022e70000)]
  0x000000001acea000 JavaThread "pool-3-thread-2" [_thread_blocked, id=6740, stack(0x000000001f2a0000,0x000000001f3a0000)]
  0x000000001ace8800 JavaThread "pool-3-thread-1" [_thread_blocked, id=8740, stack(0x000000001ed80000,0x000000001ee80000)]
  0x000000001ace6000 JavaThread "File lock request listener" [_thread_in_native, id=19376, stack(0x000000001dbf0000,0x000000001dcf0000)]
  0x000000001aef3800 JavaThread "pool-1-thread-1" [_thread_blocked, id=20300, stack(0x000000001c100000,0x000000001c200000)]
  0x0000000018ea9000 JavaThread "Service Thread" daemon [_thread_blocked, id=14600, stack(0x0000000019280000,0x0000000019380000)]
  0x000000001756a800 JavaThread "C1 CompilerThread2" daemon [_thread_blocked, id=14376, stack(0x0000000018d80000,0x0000000018e80000)]
  0x0000000017544000 JavaThread "C2 CompilerThread1" daemon [_thread_in_native, id=18444, stack(0x0000000018c80000,0x0000000018d80000)]
=>0x0000000017541000 JavaThread "C2 CompilerThread0" daemon [_thread_in_native, id=3616, stack(0x0000000018b80000,0x0000000018c80000)]
  0x000000001753f000 JavaThread "Attach Listener" daemon [_thread_blocked, id=16508, stack(0x0000000018a80000,0x0000000018b80000)]
  0x000000001753d800 JavaThread "Signal Dispatcher" daemon [_thread_blocked, id=9896, stack(0x0000000018980000,0x0000000018a80000)]
  0x0000000017529800 JavaThread "Finalizer" daemon [_thread_blocked, id=12580, stack(0x0000000018790000,0x0000000018890000)]
  0x00000000029a1000 JavaThread "Reference Handler" daemon [_thread_blocked, id=2668, stack(0x0000000018690000,0x0000000018790000)]
  0x00000000026ed800 JavaThread "main" [_thread_blocked, id=17620, stack(0x00000000027b0000,0x00000000028b0000)]

Other Threads:
  0x0000000017507000 VMThread [stack: 0x0000000018590000,0x0000000018690000] [id=6764]
  0x0000000018eac800 WatcherThread [stack: 0x0000000019380000,0x0000000019480000] [id=5380]

VM state:not at safepoint (normal execution)

VM Mutex/Monitor currently owned by a thread: None

Heap:
 PSYoungGen      total 451072K, used 229001K [0x00000000d5b00000, 0x0000000100000000, 0x0000000100000000)
  eden space 231424K, 98% used [0x00000000d5b00000,0x00000000e3aa2758,0x00000000e3d00000)
  from space 219648K, 0% used [0x00000000e3d00000,0x00000000e3d00000,0x00000000f1380000)
  to   space 217600K, 0% used [0x00000000f2b80000,0x00000000f2b80000,0x0000000100000000)
 ParOldGen       total 629248K, used 324149K [0x0000000081000000, 0x00000000a7680000, 0x00000000d5b00000)
  object space 629248K, 51% used [0x0000000081000000,0x0000000094c8d5f0,0x00000000a7680000)
 Metaspace       used 72052K, capacity 74096K, committed 74328K, reserved 1114112K
  class space    used 8733K, capacity 9215K, committed 9344K, reserved 1048576K

Card table byte_map: [0x0000000011d70000,0x0000000012170000] byte_map_base: 0x0000000011968000

Marking Bits: (ParMarkBitMap*) 0x000000006fcfa6c0
 Begin Bits: [0x0000000012820000, 0x00000000147e0000)
 End Bits:   [0x00000000147e0000, 0x00000000167a0000)

Polling page: 0x0000000000d60000

CodeCache: size=245760Kb used=55442Kb max_used=55450Kb free=190317Kb
 bounds [0x00000000029b0000, 0x0000000006020000, 0x00000000119b0000]
 total_blobs=15493 nmethods=14719 adapters=683
 compilation: enabled

Compilation events (10 events):
Event: 99.429 Thread 0x0000000017544000 nmethod 16505 0x0000000006015a10 code [0x0000000006015ce0, 0x0000000006017c38]
Event: 99.429 Thread 0x0000000017544000 16869       4       com.android.dx.cf.code.ByteCatchList::toTargetList (114 bytes)
Event: 99.448 Thread 0x0000000017544000 nmethod 16869 0x0000000006012290 code [0x0000000006012440, 0x0000000006012f38]
Event: 99.448 Thread 0x0000000017544000 18858       4       com.android.dx.dex.code.StdCatchBuilder::build (262 bytes)
Event: 99.452 Thread 0x000000001756a800 18859       1       com.android.dx.dex.code.Dop::getNextOpcode (5 bytes)
Event: 99.452 Thread 0x000000001756a800 nmethod 18859 0x000000000585f690 code [0x000000000585f7e0, 0x000000000585f8f0]
Event: 99.464 Thread 0x000000001756a800 18860       2       com.android.dx.dex.code.Dops::getNextOrNull (19 bytes)
Event: 99.465 Thread 0x000000001756a800 nmethod 18860 0x0000000005f73190 code [0x0000000005f73300, 0x0000000005f73548]
Event: 99.470 Thread 0x000000001756a800 18861       2       com.android.dx.dex.code.form.Form22s::isCompatible (103 bytes)
Event: 99.471 Thread 0x000000001756a800 nmethod 18861 0x0000000005f78790 code [0x0000000005f78940, 0x0000000005f78d98]

GC Heap History (10 events):
Event: 95.240 GC heap before
{Heap before GC invocations=34 (full 5):
 PSYoungGen      total 423424K, used 231424K [0x00000000d5b00000, 0x0000000100000000, 0x0000000100000000)
  eden space 231424K, 100% used [0x00000000d5b00000,0x00000000e3d00000,0x00000000e3d00000)
  from space 192000K, 0% used [0x00000000f4480000,0x00000000f4480000,0x0000000100000000)
  to   space 230912K, 0% used [0x00000000e3d00000,0x00000000e3d00000,0x00000000f1e80000)
 ParOldGen       total 434176K, used 219236K [0x0000000081000000, 0x000000009b800000, 0x00000000d5b00000)
  object space 434176K, 50% used [0x0000000081000000,0x000000008e619118,0x000000009b800000)
 Metaspace       used 72048K, capacity 74096K, committed 74328K, reserved 1114112K
  class space    used 8732K, capacity 9215K, committed 9344K, reserved 1048576K
Event: 95.300 GC heap after
Heap after GC invocations=34 (full 5):
 PSYoungGen      total 462336K, used 87742K [0x00000000d5b00000, 0x0000000100000000, 0x0000000100000000)
  eden space 231424K, 0% used [0x00000000d5b00000,0x00000000d5b00000,0x00000000e3d00000)
  from space 230912K, 37% used [0x00000000e3d00000,0x00000000e92afae0,0x00000000f1e80000)
  to   space 230912K, 0% used [0x00000000f1e80000,0x00000000f1e80000,0x0000000100000000)
 ParOldGen       total 434176K, used 219244K [0x0000000081000000, 0x000000009b800000, 0x00000000d5b00000)
  object space 434176K, 50% used [0x0000000081000000,0x000000008e61b118,0x000000009b800000)
 Metaspace       used 72048K, capacity 74096K, committed 74328K, reserved 1114112K
  class space    used 8732K, capacity 9215K, committed 9344K, reserved 1048576K
}
Event: 95.688 GC heap before
{Heap before GC invocations=35 (full 5):
 PSYoungGen      total 462336K, used 319166K [0x00000000d5b00000, 0x0000000100000000, 0x0000000100000000)
  eden space 231424K, 100% used [0x00000000d5b00000,0x00000000e3d00000,0x00000000e3d00000)
  from space 230912K, 37% used [0x00000000e3d00000,0x00000000e92afae0,0x00000000f1e80000)
  to   space 230912K, 0% used [0x00000000f1e80000,0x00000000f1e80000,0x0000000100000000)
 ParOldGen       total 434176K, used 219244K [0x0000000081000000, 0x000000009b800000, 0x00000000d5b00000)
  object space 434176K, 50% used [0x0000000081000000,0x000000008e61b118,0x000000009b800000)
 Metaspace       used 72048K, capacity 74096K, committed 74328K, reserved 1114112K
  class space    used 8732K, capacity 9215K, committed 9344K, reserved 1048576K
Event: 95.786 GC heap after
Heap after GC invocations=35 (full 5):
 PSYoungGen      total 439808K, used 88856K [0x00000000d5b00000, 0x00000000fea00000, 0x0000000100000000)
  eden space 231424K, 0% used [0x00000000d5b00000,0x00000000d5b00000,0x00000000e3d00000)
  from space 208384K, 42% used [0x00000000f1e80000,0x00000000f7546198,0x00000000fea00000)
  to   space 219648K, 0% used [0x00000000e3d00000,0x00000000e3d00000,0x00000000f1380000)
 ParOldGen       total 434176K, used 305337K [0x0000000081000000, 0x000000009b800000, 0x00000000d5b00000)
  object space 434176K, 70% used [0x0000000081000000,0x0000000093a2e6d0,0x000000009b800000)
 Metaspace       used 72048K, capacity 74096K, committed 74328K, reserved 1114112K
  class space    used 8732K, capacity 9215K, committed 9344K, reserved 1048576K
}
Event: 96.387 GC heap before
{Heap before GC invocations=36 (full 5):
 PSYoungGen      total 439808K, used 320280K [0x00000000d5b00000, 0x00000000fea00000, 0x0000000100000000)
  eden space 231424K, 100% used [0x00000000d5b00000,0x00000000e3d00000,0x00000000e3d00000)
  from space 208384K, 42% used [0x00000000f1e80000,0x00000000f7546198,0x00000000fea00000)
  to   space 219648K, 0% used [0x00000000e3d00000,0x00000000e3d00000,0x00000000f1380000)
 ParOldGen       total 434176K, used 305337K [0x0000000081000000, 0x000000009b800000, 0x00000000d5b00000)
  object space 434176K, 70% used [0x0000000081000000,0x0000000093a2e6d0,0x000000009b800000)
 Metaspace       used 72050K, capacity 74096K, committed 74328K, reserved 1114112K
  class space    used 8732K, capacity 9215K, committed 9344K, reserved 1048576K
Event: 96.513 GC heap after
Heap after GC invocations=36 (full 5):
 PSYoungGen      total 451072K, used 29693K [0x00000000d5b00000, 0x0000000100000000, 0x0000000100000000)
  eden space 231424K, 0% used [0x00000000d5b00000,0x00000000d5b00000,0x00000000e3d00000)
  from space 219648K, 13% used [0x00000000e3d00000,0x00000000e59ff790,0x00000000f1380000)
  to   space 217600K, 0% used [0x00000000f2b80000,0x00000000f2b80000,0x0000000100000000)
 ParOldGen       total 434176K, used 393914K [0x0000000081000000, 0x000000009b800000, 0x00000000d5b00000)
  object space 434176K, 90% used [0x0000000081000000,0x00000000990aea50,0x000000009b800000)
 Metaspace       used 72050K, capacity 74096K, committed 74328K, reserved 1114112K
  class space    used 8732K, capacity 9215K, committed 9344K, reserved 1048576K
}
Event: 96.513 GC heap before
{Heap before GC invocations=37 (full 6):
 PSYoungGen      total 451072K, used 29693K [0x00000000d5b00000, 0x0000000100000000, 0x0000000100000000)
  eden space 231424K, 0% used [0x00000000d5b00000,0x00000000d5b00000,0x00000000e3d00000)
  from space 219648K, 13% used [0x00000000e3d00000,0x00000000e59ff790,0x00000000f1380000)
  to   space 217600K, 0% used [0x00000000f2b80000,0x00000000f2b80000,0x0000000100000000)
 ParOldGen       total 434176K, used 393914K [0x0000000081000000, 0x000000009b800000, 0x00000000d5b00000)
  object space 434176K, 90% used [0x0000000081000000,0x00000000990aea50,0x000000009b800000)
 Metaspace       used 72050K, capacity 74096K, committed 74328K, reserved 1114112K
  class space    used 8732K, capacity 9215K, committed 9344K, reserved 1048576K
Event: 97.483 GC heap after
Heap after GC invocations=37 (full 6):
 PSYoungGen      total 451072K, used 0K [0x00000000d5b00000, 0x0000000100000000, 0x0000000100000000)
  eden space 231424K, 0% used [0x00000000d5b00000,0x00000000d5b00000,0x00000000e3d00000)
  from space 219648K, 0% used [0x00000000e3d00000,0x00000000e3d00000,0x00000000f1380000)
  to   space 217600K, 0% used [0x00000000f2b80000,0x00000000f2b80000,0x0000000100000000)
 ParOldGen       total 434176K, used 397750K [0x0000000081000000, 0x000000009b800000, 0x00000000d5b00000)
  object space 434176K, 91% used [0x0000000081000000,0x000000009946dbe8,0x000000009b800000)
 Metaspace       used 72050K, capacity 74096K, committed 74328K, reserved 1114112K
  class space    used 8732K, capacity 9215K, committed 9344K, reserved 1048576K
}
Event: 98.042 GC heap before
{Heap before GC invocations=38 (full 7):
 PSYoungGen      total 451072K, used 231424K [0x00000000d5b00000, 0x0000000100000000, 0x0000000100000000)
  eden space 231424K, 100% used [0x00000000d5b00000,0x00000000e3d00000,0x00000000e3d00000)
  from space 219648K, 0% used [0x00000000e3d00000,0x00000000e3d00000,0x00000000f1380000)
  to   space 217600K, 0% used [0x00000000f2b80000,0x00000000f2b80000,0x0000000100000000)
 ParOldGen       total 434176K, used 397750K [0x0000000081000000, 0x000000009b800000, 0x00000000d5b00000)
  object space 434176K, 91% used [0x0000000081000000,0x000000009946dbe8,0x000000009b800000)
 Metaspace       used 72050K, capacity 74096K, committed 74328K, reserved 1114112K
  class space    used 8733K, capacity 9215K, committed 9344K, reserved 1048576K
Event: 98.946 GC heap after
Heap after GC invocations=38 (full 7):
 PSYoungGen      total 451072K, used 0K [0x00000000d5b00000, 0x0000000100000000, 0x0000000100000000)
  eden space 231424K, 0% used [0x00000000d5b00000,0x00000000d5b00000,0x00000000e3d00000)
  from space 219648K, 0% used [0x00000000e3d00000,0x00000000e3d00000,0x00000000f1380000)
  to   space 217600K, 0% used [0x00000000f2b80000,0x00000000f2b80000,0x0000000100000000)
 ParOldGen       total 629248K, used 324149K [0x0000000081000000, 0x00000000a7680000, 0x00000000d5b00000)
  object space 629248K, 51% used [0x0000000081000000,0x0000000094c8d5f0,0x00000000a7680000)
 Metaspace       used 72050K, capacity 74096K, committed 74328K, reserved 1114112K
  class space    used 8733K, capacity 9215K, committed 9344K, reserved 1048576K
}

Deoptimization events (10 events):
Event: 92.246 Thread 0x000000001a7b0800 Uncommon trap: reason=class_check action=maybe_recompile pc=0x0000000005ebe928 method=com.android.dx.ssa.back.InterferenceGraph.mergeInterferenceSet(ILcom/android/dx/util/IntSet;)V @ 20
Event: 92.250 Thread 0x000000001e450000 Uncommon trap: reason=class_check action=maybe_recompile pc=0x0000000005ebe928 method=com.android.dx.ssa.back.InterferenceGraph.mergeInterferenceSet(ILcom/android/dx/util/IntSet;)V @ 20
Event: 92.283 Thread 0x000000001e445000 Uncommon trap: reason=class_check action=maybe_recompile pc=0x0000000005ebe928 method=com.android.dx.ssa.back.InterferenceGraph.mergeInterferenceSet(ILcom/android/dx/util/IntSet;)V @ 20
Event: 92.391 Thread 0x000000001e44f000 Uncommon trap: reason=class_check action=maybe_recompile pc=0x0000000005ebe928 method=com.android.dx.ssa.back.InterferenceGraph.mergeInterferenceSet(ILcom/android/dx/util/IntSet;)V @ 20
Event: 92.939 Thread 0x000000001a7ad800 Uncommon trap: reason=unstable_if action=reinterpret pc=0x0000000005e7ffb4 method=com.android.dx.ssa.back.IdenticalBlockCombiner.replaceSucc(Lcom/android/dx/rop/code/BasicBlock;II)V @ 30
Event: 95.082 Thread 0x000000001a7ac800 Uncommon trap: reason=unstable_if action=reinterpret pc=0x0000000005f4c070 method=com.android.dx.dex.code.RopTranslator.outputBlock(Lcom/android/dx/rop/code/BasicBlock;I)V @ 140
Event: 95.119 Thread 0x000000001e44a800 Uncommon trap: reason=unstable_if action=reinterpret pc=0x000000000538bf30 method=com.android.dx.dex.code.OutputFinisher.align64bits([Lcom/android/dx/dex/code/Dop;)V @ 177
Event: 96.166 Thread 0x000000001a7ad800 Uncommon trap: reason=unstable_if action=reinterpret pc=0x0000000005dea76c method=com.android.dx.cf.code.Ropper.processBlock(Lcom/android/dx/cf/code/ByteBlock;Lcom/android/dx/cf/code/Frame;[I)V @ 651
Event: 96.235 Thread 0x000000001a7b9800 Uncommon trap: reason=unstable_if action=reinterpret pc=0x0000000002ada760 method=com.android.dx.dex.code.OutputFinisher.hasLocalInfo(Lcom/android/dx/dex/code/DalvInsn;)Z @ 24
Event: 99.394 Thread 0x000000001a7b7000 Uncommon trap: reason=unstable_if action=reinterpret pc=0x0000000005288bf8 method=com.android.dx.dex.code.OutputFinisher.hasLocalInfo(Lcom/android/dx/rop/code/RegisterSpec;)Z @ 1

Internal exceptions (10 events):
Event: 69.311 Thread 0x000000001ace8800 Exception <a 'sun/nio/fs/WindowsException'> (0x00000000e9562ca8) thrown at [C:\re\workspace\8-2-build-windows-amd64-cygwin\jdk8u111\7883\hotspot\src\share\vm\prims\jni.cpp, line 709]
Event: 69.311 Thread 0x000000001acea000 Implicit null exception at 0x0000000003c894d2 to 0x0000000003c89675
Event: 69.311 Thread 0x000000001ace8800 Implicit null exception at 0x0000000003c894d2 to 0x0000000003c89675
Event: 69.312 Thread 0x000000001ace8800 Exception <a 'sun/nio/fs/WindowsException'> (0x00000000e9563d28) thrown at [C:\re\workspace\8-2-build-windows-amd64-cygwin\jdk8u111\7883\hotspot\src\share\vm\prims\jni.cpp, line 709]
Event: 69.312 Thread 0x000000001acea000 Exception <a 'sun/nio/fs/WindowsException'> (0x00000000e94f1360) thrown at [C:\re\workspace\8-2-build-windows-amd64-cygwin\jdk8u111\7883\hotspot\src\share\vm\prims\jni.cpp, line 709]
Event: 74.535 Thread 0x00000000026ed800 Implicit null exception at 0x0000000004f2ae4d to 0x0000000004f2b575
Event: 74.540 Thread 0x00000000026ed800 Implicit null exception at 0x0000000004f29174 to 0x0000000004f29879
Event: 81.608 Thread 0x000000001e44c000 Implicit null exception at 0x0000000005c5f968 to 0x0000000005c601d5
Event: 87.265 Thread 0x000000001a7b4000 Implicit null exception at 0x0000000005ca043b to 0x0000000005ca16cd
Event: 99.394 Thread 0x000000001a7b7000 Implicit null exception at 0x0000000005288b00 to 0x0000000005288be5

Events (10 events):
Event: 99.489 Thread 0x000000001e449000 DEOPT PACKING pc=0x0000000005f3736b sp=0x000000002aece640
Event: 99.489 Thread 0x000000001e449000 DEOPT UNPACKING pc=0x00000000029f787f sp=0x000000002aece390 mode 0
Event: 99.492 Thread 0x000000001e449000 DEOPT PACKING pc=0x0000000005f3736b sp=0x000000002aece640
Event: 99.492 Thread 0x000000001e449000 DEOPT UNPACKING pc=0x00000000029f787f sp=0x000000002aece390 mode 0
Event: 99.495 Thread 0x000000001e449000 DEOPT PACKING pc=0x0000000005f3736b sp=0x000000002aece790
Event: 99.495 Thread 0x000000001e449000 DEOPT UNPACKING pc=0x00000000029f787f sp=0x000000002aece4e0 mode 0
Event: 99.498 Thread 0x000000001e449000 DEOPT PACKING pc=0x0000000005f3736b sp=0x000000002aece790
Event: 99.498 Thread 0x000000001e449000 DEOPT UNPACKING pc=0x00000000029f787f sp=0x000000002aece4e0 mode 0
Event: 99.501 Thread 0x000000001e449000 DEOPT PACKING pc=0x0000000005f3736b sp=0x000000002aece790
Event: 99.501 Thread 0x000000001e449000 DEOPT UNPACKING pc=0x00000000029f787f sp=0x000000002aece4e0 mode 0


Dynamic libraries:
0x00007ff7a5510000 - 0x00007ff7a5547000 	C:\Program Files\Java\jdk1.8.0_111\bin\java.exe
0x00007ffd8b4b0000 - 0x00007ffd8b682000 	C:\WINDOWS\SYSTEM32\ntdll.dll
0x00007ffd89f60000 - 0x00007ffd8a00c000 	C:\WINDOWS\System32\KERNEL32.DLL
0x00007ffd81060000 - 0x00007ffd81093000 	C:\Program Files\AVAST Software\Avast\x64\aswhooka.dll
0x00007ffd87c50000 - 0x00007ffd87e6d000 	C:\WINDOWS\System32\KERNELBASE.dll
0x00007ffd8a4f0000 - 0x00007ffd8a592000 	C:\WINDOWS\System32\ADVAPI32.dll
0x00007ffd8a5a0000 - 0x00007ffd8a63e000 	C:\WINDOWS\System32\msvcrt.dll
0x00007ffd8ad40000 - 0x00007ffd8ad99000 	C:\WINDOWS\System32\sechost.dll
0x00007ffd8a010000 - 0x00007ffd8a131000 	C:\WINDOWS\System32\RPCRT4.dll
0x00007ffd8a740000 - 0x00007ffd8a8a5000 	C:\WINDOWS\System32\USER32.dll
0x00007ffd879b0000 - 0x00007ffd879ce000 	C:\WINDOWS\System32\win32u.dll
0x00007ffd8ace0000 - 0x00007ffd8ad14000 	C:\WINDOWS\System32\GDI32.dll
0x00007ffd87ed0000 - 0x00007ffd88050000 	C:\WINDOWS\System32\gdi32full.dll
0x00007ffd7dad0000 - 0x00007ffd7dd4a000 	C:\WINDOWS\WinSxS\amd64_microsoft.windows.common-controls_6595b64144ccf1df_6.0.14393.953_none_42151e83c686086b\COMCTL32.dll
0x00007ffd8aa10000 - 0x00007ffd8acd8000 	C:\WINDOWS\System32\combase.dll
0x00007ffd88940000 - 0x00007ffd88a35000 	C:\WINDOWS\System32\ucrtbase.dll
0x00007ffd88730000 - 0x00007ffd8879a000 	C:\WINDOWS\System32\bcryptPrimitives.dll
0x00007ffd8a8b0000 - 0x00007ffd8a8de000 	C:\WINDOWS\System32\IMM32.DLL
0x000000006fd80000 - 0x000000006fe52000 	C:\Program Files\Java\jdk1.8.0_111\jre\bin\msvcr100.dll
0x000000006f4e0000 - 0x000000006fd7a000 	C:\Program Files\Java\jdk1.8.0_111\jre\bin\server\jvm.dll
0x00007ffd89f50000 - 0x00007ffd89f58000 	C:\WINDOWS\System32\PSAPI.DLL
0x00007ffd7b230000 - 0x00007ffd7b239000 	C:\WINDOWS\SYSTEM32\WSOCK32.dll
0x00007ffd8a8e0000 - 0x00007ffd8a94a000 	C:\WINDOWS\System32\WS2_32.dll
0x00007ffd856f0000 - 0x00007ffd85713000 	C:\WINDOWS\SYSTEM32\WINMM.dll
0x00007ffd7d710000 - 0x00007ffd7d71a000 	C:\WINDOWS\SYSTEM32\VERSION.dll
0x00007ffd856c0000 - 0x00007ffd856eb000 	C:\WINDOWS\SYSTEM32\WINMMBASE.dll
0x00007ffd887a0000 - 0x00007ffd887e2000 	C:\WINDOWS\System32\cfgmgr32.dll
0x00000000717c0000 - 0x00000000717cf000 	C:\Program Files\Java\jdk1.8.0_111\jre\bin\verify.dll
0x0000000071790000 - 0x00000000717b9000 	C:\Program Files\Java\jdk1.8.0_111\jre\bin\java.dll
0x0000000071770000 - 0x0000000071786000 	C:\Program Files\Java\jdk1.8.0_111\jre\bin\zip.dll
0x00007ffd88a40000 - 0x00007ffd89f48000 	C:\WINDOWS\System32\SHELL32.dll
0x00007ffd88050000 - 0x00007ffd8872a000 	C:\WINDOWS\System32\windows.storage.dll
0x00007ffd87940000 - 0x00007ffd8798c000 	C:\WINDOWS\System32\powrprof.dll
0x00007ffd8a140000 - 0x00007ffd8a192000 	C:\WINDOWS\System32\shlwapi.dll
0x00007ffd87930000 - 0x00007ffd8793f000 	C:\WINDOWS\System32\kernel.appcore.dll
0x00007ffd887f0000 - 0x00007ffd88899000 	C:\WINDOWS\System32\shcore.dll
0x00007ffd87990000 - 0x00007ffd879a4000 	C:\WINDOWS\System32\profapi.dll
0x0000000071750000 - 0x000000007176a000 	C:\Program Files\Java\jdk1.8.0_111\jre\bin\net.dll
0x00007ffd87250000 - 0x00007ffd872ac000 	C:\WINDOWS\system32\mswsock.dll
0x0000000071420000 - 0x0000000071431000 	C:\Program Files\Java\jdk1.8.0_111\jre\bin\nio.dll
0x00007ffd7d400000 - 0x00007ffd7d412000 	C:\Users\User\.gradle\native\19\windows-amd64\native-platform.dll
0x0000000180000000 - 0x0000000180037000 	C:\Users\User\.gradle\native\jna\win32-amd64\jnidispatch.dll
0x00007ffd873f0000 - 0x00007ffd87407000 	C:\WINDOWS\SYSTEM32\CRYPTSP.dll
0x00007ffd86e50000 - 0x00007ffd86e83000 	C:\WINDOWS\system32\rsaenh.dll
0x00007ffd87500000 - 0x00007ffd8752b000 	C:\WINDOWS\SYSTEM32\bcrypt.dll
0x00007ffd870d0000 - 0x00007ffd870ef000 	C:\WINDOWS\SYSTEM32\USERENV.dll
0x00007ffd87410000 - 0x00007ffd8741b000 	C:\WINDOWS\SYSTEM32\CRYPTBASE.dll
0x00007ffd86fd0000 - 0x00007ffd87008000 	C:\WINDOWS\SYSTEM32\IPHLPAPI.DLL
0x00007ffd8a1a0000 - 0x00007ffd8a1a8000 	C:\WINDOWS\System32\NSI.dll
0x00007ffd810b0000 - 0x00007ffd810c6000 	C:\WINDOWS\SYSTEM32\dhcpcsvc6.DLL
0x00007ffd81040000 - 0x00007ffd8105a000 	C:\WINDOWS\SYSTEM32\dhcpcsvc.DLL
0x0000000071410000 - 0x000000007141d000 	C:\Program Files\Java\jdk1.8.0_111\jre\bin\management.dll
0x00007ffd866a0000 - 0x00007ffd866d2000 	C:\WINDOWS\SYSTEM32\ntmarta.dll

VM Arguments:
jvm_args: -Dorg.gradle.appname=gradlew 
java_command: org.gradle.wrapper.GradleWrapperMain installDebug
java_class_path (initial): F:\nativeApp\app-cafe-frontend\CafeApp\android\\gradle\wrapper\gradle-wrapper.jar
Launcher Type: SUN_STANDARD

Environment Variables:
JAVA_HOME=C:\Program Files\Java\jdk1.8.0_111
CLASSPATH=F:\nativeApp\app-cafe-frontend\CafeApp\android\\gradle\wrapper\gradle-wrapper.jar
PATH=C:\Python27\;C:\Python27\Scripts;C:\oraclexe\app\oracle\product\11.2.0\server\bin;C:\Program Files\Java\jdk1.8.0_111\bin;C:\WINDOWS\system32;C:\WINDOWS;C:\WINDOWS\System32\Wbem;C:\WINDOWS\System32\WindowsPowerShell\v1.0\;C:\Program Files (x86)\Calibre2\;C:\Users\User\.dnx\bin;C:\Program Files\Microsoft DNX\Dnvm\;C:\Program Files (x86)\Windows Kits\8.1\Windows Performance Toolkit\;C:\Program Files\Microsoft SQL Server\130\Tools\Binn\;C:\Program Files\PuTTY\;C:\Program Files (x86)\GtkSharp\2.12\bin;C:\jaxrs-ri\api;C:\jaxrs-ri\lib;C:\Program Files\nodejs\;C:\Program Files (x86)\NVIDIA Corporation\PhysX\Common;C:\Program Files\Git\cmd;C:\ProgramData\chocolatey\bin;C:\Users\User\Anaconda3;C:\Users\User\Anaconda3\Scripts;C:\Users\User\Anaconda3\Library\bin;C:\Users\User\AppData\Local\Microsoft\WindowsApps;G:\MongoDB\Server\3.4\bin;G:\Microsoft VS Code\bin;G:\Android\Users\AppData\Local\Android\sdk\platform-tools;C:\Users\User\AppData\Roaming\npm
USERNAME=User
OS=Windows_NT
PROCESSOR_IDENTIFIER=Intel64 Family 6 Model 69 Stepping 1, GenuineIntel



---------------  S Y S T E M  ---------------

OS: Windows 10.0 , 64 bit Build 14393 (10.0.14393.1198)

CPU:total 4 (2 cores per cpu, 2 threads per core) family 6 model 69 stepping 1, cmov, cx8, fxsr, mmx, sse, sse2, sse3, ssse3, sse4.1, sse4.2, popcnt, avx, avx2, aes, clmul, erms, lzcnt, ht, tsc, tscinvbit, bmi1, bmi2

Memory: 4k page, physical 8317080k(1484188k free), swap 10045048k(5320k free)

vm_info: Java HotSpot(TM) 64-Bit Server VM (25.111-b14) for windows-amd64 JRE (1.8.0_111-b14), built on Sep 22 2016 19:24:05 by "java_re" with MS VC++ 10.0 (VS2010)

time: Thu Sep 28 23:59:04 2017
elapsed time: 99 seconds (0d 0h 1m 39s)

